<?xml version="1.0" encoding="UTF-8"?>
<testsuite xmlns:xsi="http://www.w3.org/2001/XMLSchema-instance" xsi:noNamespaceSchemaLocation="https://maven.apache.org/surefire/maven-surefire-plugin/xsd/surefire-test-report-3.0.xsd" version="3.0" name="com.kama.minispring.beans.factory.annotation.AutowiredAnnotationBeanPostProcessorTest" time="0.904" tests="4" errors="0" skipped="0" failures="0">
  <properties>
[...]
</properties>
  <testcase name="shouldAutowireField" classname="com.kama.minispring.beans.factory.annotation.AutowiredAnnotationBeanPostProcessorTest" time="0.887"/>
  <testcase name="shouldHandleNonRequiredDependency" classname="com.kama.minispring.beans.factory.annotation.AutowiredAnnotationBeanPostProcessorTest" time="0.003"/>
  <testcase name="shouldThrowExceptionForRequiredDependency" classname="com.kama.minispring.beans.factory.annotation.AutowiredAnnotationBeanPostProcessorTest" time="0.003"/>
  <testcase name="shouldSkipNonAnnotatedField" classname="com.kama.minispring.beans.factory.annotation.AutowiredAnnotationBeanPostProcessorTest" time="0.004"/>
</testsuite>