<?xml version="1.0" encoding="UTF-8"?>
<testsuite xmlns:xsi="http://www.w3.org/2001/XMLSchema-instance" xsi:noNamespaceSchemaLocation="https://maven.apache.org/surefire/maven-surefire-plugin/xsd/surefire-test-report-3.0.xsd" version="3.0" name="com.minispring.test.DependencyInjectionTest" time="0.012" tests="4" errors="0" skipped="0" failures="0">
  <properties>
[...]
</properties>
  <testcase name="testPropertyInjection" classname="com.minispring.test.DependencyInjectionTest" time="0.003">
    <system-out><![CDATA[创建Bean实例: userService, 构造参数: 0
开始解析构造函数: userService, 构造函数数量: 1
尝试自动装配构造函数: public com.minispring.test.bean.TestUserService()
成功解析构造函数参数: []
将Bean[userService]提前曝光到三级缓存
创建Bean实例: userDao, 构造参数: 0
开始解析构造函数: userDao, 构造函数数量: 1
尝试自动装配构造函数: public com.minispring.test.bean.TestUserDao()
成功解析构造函数参数: []
将Bean[userDao]提前曝光到三级缓存
创建并缓存单例Bean: userDao
创建并缓存单例Bean: userService
]]></system-out>
  </testcase>
  <testcase name="testAutowiring" classname="com.minispring.test.DependencyInjectionTest" time="0.003">
    <system-out><![CDATA[开始获取userServiceWithConstructor（自动装配）
创建Bean实例: userServiceWithConstructor, 构造参数: 0
开始解析构造函数: userServiceWithConstructor, 构造函数数量: 2
尝试自动装配构造函数: public com.minispring.test.bean.TestUserServiceWithConstructor(com.minispring.test.bean.TestUserDao)
解析依赖: 类型=com.minispring.test.bean.TestUserDao, 名称=arg0
按名称获取Bean: arg0
按名称获取Bean失败: 找不到名为 'arg0' 的BeanDefinition
按类型获取Bean: com.minispring.test.bean.TestUserDao
找到唯一匹配的Bean: userDao
创建Bean实例: userDao, 构造参数: 0
开始解析构造函数: userDao, 构造函数数量: 1
尝试自动装配构造函数: public com.minispring.test.bean.TestUserDao()
成功解析构造函数参数: []
将Bean[userDao]提前曝光到三级缓存
创建并缓存单例Bean: userDao
成功解析构造函数参数: [UserDao]
将Bean[userServiceWithConstructor]提前曝光到三级缓存
创建并缓存单例Bean: userServiceWithConstructor
获取到userServiceWithConstructor: com.minispring.test.bean.TestUserServiceWithConstructor$$EnhancerByCGLIB$$a7294e71@4e31276e
userDao: UserDao
]]></system-out>
  </testcase>
  <testcase name="testConstructorInjection" classname="com.minispring.test.DependencyInjectionTest" time="0.001">
    <system-out><![CDATA[开始获取userServiceWithConstructor
创建Bean实例: userDao, 构造参数: 0
开始解析构造函数: userDao, 构造函数数量: 1
尝试自动装配构造函数: public com.minispring.test.bean.TestUserDao()
成功解析构造函数参数: []
将Bean[userDao]提前曝光到三级缓存
创建并缓存单例Bean: userDao
创建Bean实例: userServiceWithConstructor, 构造参数: 1
开始解析构造函数: userServiceWithConstructor, 构造函数数量: 2
提供了参数，尝试匹配构造函数: [UserDao]
找到匹配的构造函数: public com.minispring.test.bean.TestUserServiceWithConstructor(com.minispring.test.bean.TestUserDao)
将Bean[userServiceWithConstructor]提前曝光到三级缓存
创建并缓存单例Bean: userServiceWithConstructor
获取到userServiceWithConstructor: com.minispring.test.bean.TestUserServiceWithConstructor$$EnhancerByCGLIB$$a7294e71@1a72a540
userDao: UserDao
]]></system-out>
  </testcase>
  <testcase name="testNestedDependency" classname="com.minispring.test.DependencyInjectionTest" time="0.002">
    <system-out><![CDATA[创建Bean实例: userController, 构造参数: 0
开始解析构造函数: userController, 构造函数数量: 1
尝试自动装配构造函数: public com.minispring.test.bean.TestUserController()
成功解析构造函数参数: []
将Bean[userController]提前曝光到三级缓存
创建Bean实例: userService, 构造参数: 0
开始解析构造函数: userService, 构造函数数量: 1
尝试自动装配构造函数: public com.minispring.test.bean.TestUserService()
成功解析构造函数参数: []
将Bean[userService]提前曝光到三级缓存
创建Bean实例: userDao, 构造参数: 0
开始解析构造函数: userDao, 构造函数数量: 1
尝试自动装配构造函数: public com.minispring.test.bean.TestUserDao()
成功解析构造函数参数: []
将Bean[userDao]提前曝光到三级缓存
创建并缓存单例Bean: userDao
创建并缓存单例Bean: userService
创建并缓存单例Bean: userController
]]></system-out>
  </testcase>
</testsuite>